[debug] [2024-07-04T20:51:58.710Z] ----------------------------------------------------------------------
[debug] [2024-07-04T20:51:58.713Z] Command:       C:\Program Files\nodejs\node.exe C:\Users\abren\AppData\Roaming\npm\node_modules\firebase-tools\lib\bin\firebase.js init
[debug] [2024-07-04T20:51:58.714Z] CLI Version:   13.13.0
[debug] [2024-07-04T20:51:58.714Z] Platform:      win32
[debug] [2024-07-04T20:51:58.714Z] Node Version:  v20.15.0
[debug] [2024-07-04T20:51:58.715Z] Time:          Thu Jul 04 2024 17:51:58 GMT-0300 (hora estándar de Argentina)
[debug] [2024-07-04T20:51:58.715Z] ----------------------------------------------------------------------
[debug] 
[debug] [2024-07-04T20:51:58.722Z] > command requires scopes: ["email","openid","https://www.googleapis.com/auth/cloudplatformprojects.readonly","https://www.googleapis.com/auth/firebase","https://www.googleapis.com/auth/cloud-platform"]
[debug] [2024-07-04T20:51:58.722Z] > authorizing via signed-in user (aribrenman@gmail.com)
[info] 
     ######## #### ########  ######## ########     ###     ######  ########
     ##        ##  ##     ## ##       ##     ##  ##   ##  ##       ##
     ######    ##  ########  ######   ########  #########  ######  ######
     ##        ##  ##    ##  ##       ##     ## ##     ##       ## ##
     ##       #### ##     ## ######## ########  ##     ##  ######  ########

You're about to initialize a Firebase project in this directory:

  C:\Proyectos\IoRecetario\Api

Before we get started, keep in mind:

  * You are currently outside your home directory

